This file contains any messages produced by compilers while
running configure, to aid debugging if configure makes a mistake.

It was created by BTstack configure 0.1, which was
generated by GNU Autoconf 2.61.  Invocation command line was

  $ ./configure --target=iphone --with-sdk-version=4.3

## --------- ##
## Platform. ##
## --------- ##

hostname = Paul-Makls-MacBook-Pro.local
uname -m = i386
uname -r = 10.8.0
uname -s = Darwin
uname -v = Darwin Kernel Version 10.8.0: Tue Jun  7 16:33:36 PDT 2011; root:xnu-1504.15.3~1/RELEASE_I386

/usr/bin/uname -p = i386
/bin/uname -X     = unknown

/bin/arch              = unknown
/usr/bin/arch -k       = unknown
/usr/convex/getsysinfo = unknown
/usr/bin/hostinfo      = Mach kernel version:
	 Darwin Kernel Version 10.8.0: Tue Jun  7 16:33:36 PDT 2011; root:xnu-1504.15.3~1/RELEASE_I386
Kernel configured for up to 4 processors.
2 processors are physically available.
4 processors are logically available.
Processor type: i486 (Intel 80486)
Processors active: 0 1 2 3
Primary memory available: 4.00 gigabytes
Default processor set: 66 tasks, 283 threads, 4 processors
Load average: 0.62, Mach factor: 3.36
/bin/machine           = unknown
/usr/bin/oslevel       = unknown
/bin/universe          = unknown

PATH: /usr/bin
PATH: /bin
PATH: /usr/sbin
PATH: /sbin
PATH: /usr/local/bin
PATH: /usr/local/git/bin
PATH: /usr/texbin
PATH: /usr/X11/bin


## ----------- ##
## Core tests. ##
## ----------- ##

configure:1813: checking for a BSD-compatible install
configure:1869: result: /usr/bin/install -c
configure:1880: checking whether build environment is sane
configure:1923: result: yes
configure:1951: checking for a thread-safe mkdir -p
configure:1990: result: config/install-sh -c -d
configure:2003: checking for gawk
configure:2033: result: no
configure:2003: checking for mawk
configure:2033: result: no
configure:2003: checking for nawk
configure:2033: result: no
configure:2003: checking for awk
configure:2019: found /usr/bin/awk
configure:2030: result: awk
configure:2041: checking whether make sets $(MAKE)
configure:2062: result: yes
configure:2374: checking build system type
configure:2392: result: i386-apple-darwin10.8.0
configure:2414: checking host system type
configure:2429: result: i386-apple-darwin10.8.0
configure:2501: checking for gcc
configure:2517: found /usr/bin/gcc
configure:2528: result: gcc
configure:2766: checking for C compiler version
configure:2773: gcc --version >&5
i686-apple-darwin10-gcc-4.2.1 (GCC) 4.2.1 (Apple Inc. build 5666) (dot 3)
Copyright (C) 2007 Free Software Foundation, Inc.
This is free software; see the source for copying conditions.  There is NO
warranty; not even for MERCHANTABILITY or FITNESS FOR A PARTICULAR PURPOSE.

configure:2776: $? = 0
configure:2783: gcc -v >&5
Using built-in specs.
Target: i686-apple-darwin10
Configured with: /var/tmp/gcc/gcc-5666.3~6/src/configure --disable-checking --enable-werror --prefix=/usr --mandir=/share/man --enable-languages=c,objc,c++,obj-c++ --program-transform-name=/^[cg][^.-]*$/s/$/-4.2/ --with-slibdir=/usr/lib --build=i686-apple-darwin10 --program-prefix=i686-apple-darwin10- --host=x86_64-apple-darwin10 --target=i686-apple-darwin10 --with-gxx-include-dir=/include/c++/4.2.1
Thread model: posix
gcc version 4.2.1 (Apple Inc. build 5666) (dot 3)
configure:2786: $? = 0
configure:2793: gcc -V >&5
gcc-4.2: argument to `-V' is missing
configure:2796: $? = 1
configure:2819: checking for C compiler default output file name
configure:2846: gcc    conftest.c  >&5
configure:2849: $? = 0
configure:2887: result: a.out
configure:2904: checking whether the C compiler works
configure:2914: ./a.out
configure:2917: $? = 0
configure:2934: result: yes
configure:2941: checking whether we are cross compiling
configure:2943: result: no
configure:2946: checking for suffix of executables
configure:2953: gcc -o conftest    conftest.c  >&5
configure:2956: $? = 0
configure:2980: result: 
configure:2986: checking for suffix of object files
configure:3012: gcc -c   conftest.c >&5
configure:3015: $? = 0
configure:3038: result: o
configure:3042: checking whether we are using the GNU C compiler
configure:3071: gcc -c   conftest.c >&5
configure:3077: $? = 0
configure:3094: result: yes
configure:3099: checking whether gcc accepts -g
configure:3129: gcc -c -g  conftest.c >&5
configure:3135: $? = 0
configure:3234: result: yes
configure:3251: checking for gcc option to accept ISO C89
configure:3325: gcc  -c -g -O2  conftest.c >&5
configure:3331: $? = 0
configure:3354: result: none needed
configure:3383: checking for style of include used by make
configure:3411: result: GNU
configure:3436: checking dependency style of gcc
configure:3527: result: none
configure:3547: checking how to run the C preprocessor
configure:3587: gcc -E  conftest.c
configure:3593: $? = 0
configure:3624: gcc -E  conftest.c
conftest.c:10:28: error: ac_nonexistent.h: No such file or directory
configure:3630: $? = 1
configure: failed program was:
| /* confdefs.h.  */
| #define PACKAGE_NAME "BTstack"
| #define PACKAGE_TARNAME "btstack"
| #define PACKAGE_VERSION "0.1"
| #define PACKAGE_STRING "BTstack 0.1"
| #define PACKAGE_BUGREPORT ""
| #define PACKAGE "BTstack"
| #define VERSION "0.1"
| /* end confdefs.h.  */
| #include <ac_nonexistent.h>
configure:3663: result: gcc -E
configure:3692: gcc -E  conftest.c
configure:3698: $? = 0
configure:3729: gcc -E  conftest.c
conftest.c:10:28: error: ac_nonexistent.h: No such file or directory
configure:3735: $? = 1
configure: failed program was:
| /* confdefs.h.  */
| #define PACKAGE_NAME "BTstack"
| #define PACKAGE_TARNAME "btstack"
| #define PACKAGE_VERSION "0.1"
| #define PACKAGE_STRING "BTstack 0.1"
| #define PACKAGE_BUGREPORT ""
| #define PACKAGE "BTstack"
| #define VERSION "0.1"
| /* end confdefs.h.  */
| #include <ac_nonexistent.h>
configure:3826: checking for gcc
configure:3842: found /usr/bin/gcc
configure:3853: result: gcc
configure:3882: checking for Objective C compiler version
configure:3889: gcc --version >&5
i686-apple-darwin10-gcc-4.2.1 (GCC) 4.2.1 (Apple Inc. build 5666) (dot 3)
Copyright (C) 2007 Free Software Foundation, Inc.
This is free software; see the source for copying conditions.  There is NO
warranty; not even for MERCHANTABILITY or FITNESS FOR A PARTICULAR PURPOSE.

configure:3892: $? = 0
configure:3899: gcc -v >&5
Using built-in specs.
Target: i686-apple-darwin10
Configured with: /var/tmp/gcc/gcc-5666.3~6/src/configure --disable-checking --enable-werror --prefix=/usr --mandir=/share/man --enable-languages=c,objc,c++,obj-c++ --program-transform-name=/^[cg][^.-]*$/s/$/-4.2/ --with-slibdir=/usr/lib --build=i686-apple-darwin10 --program-prefix=i686-apple-darwin10- --host=x86_64-apple-darwin10 --target=i686-apple-darwin10 --with-gxx-include-dir=/include/c++/4.2.1
Thread model: posix
gcc version 4.2.1 (Apple Inc. build 5666) (dot 3)
configure:3902: $? = 0
configure:3909: gcc -V >&5
gcc-4.2: argument to `-V' is missing
configure:3912: $? = 1
configure:3915: checking whether we are using the GNU Objective C compiler
configure:3944: gcc -c   conftest.m >&5
configure:3950: $? = 0
configure:3967: result: yes
configure:3972: checking whether gcc accepts -g
configure:4002: gcc -c -g  conftest.m >&5
configure:4008: $? = 0
configure:4107: result: yes
configure:4132: checking dependency style of gcc
configure:4223: result: none
configure:4251: checking for a BSD-compatible install
configure:4307: result: /usr/bin/install -c
configure:4318: checking whether ln -s works
configure:4322: result: yes
configure:4329: checking whether make sets $(MAKE)
configure:4350: result: yes
configure:5024: creating ./config.status

## ---------------------- ##
## Running config.status. ##
## ---------------------- ##

This file was extended by BTstack config.status 0.1, which was
generated by GNU Autoconf 2.61.  Invocation command line was

  CONFIG_FILES    = 
  CONFIG_HEADERS  = 
  CONFIG_LINKS    = 
  CONFIG_COMMANDS = 
  $ ./config.status 

on Paul-Makls-MacBook-Pro.local

config.status:661: creating Makefile
config.status:661: creating src/Makefile
config.status:661: creating example/Makefile
config.status:661: creating PatchBlueTool/Makefile
config.status:661: creating SpringBoardAccess/Makefile
config.status:852: executing depfiles commands

## ---------------- ##
## Cache variables. ##
## ---------------- ##

ac_cv_build=i386-apple-darwin10.8.0
ac_cv_c_compiler_gnu=yes
ac_cv_env_CC_set=
ac_cv_env_CC_value=
ac_cv_env_CFLAGS_set=
ac_cv_env_CFLAGS_value=
ac_cv_env_CPPFLAGS_set=
ac_cv_env_CPPFLAGS_value=
ac_cv_env_CPP_set=
ac_cv_env_CPP_value=
ac_cv_env_LDFLAGS_set=
ac_cv_env_LDFLAGS_value=
ac_cv_env_LIBS_set=
ac_cv_env_LIBS_value=
ac_cv_env_LIBUSB_CFLAGS_set=
ac_cv_env_LIBUSB_CFLAGS_value=
ac_cv_env_LIBUSB_LIBS_set=
ac_cv_env_LIBUSB_LIBS_value=
ac_cv_env_OBJCFLAGS_set=
ac_cv_env_OBJCFLAGS_value=
ac_cv_env_OBJC_set=
ac_cv_env_OBJC_value=
ac_cv_env_PKG_CONFIG_set=
ac_cv_env_PKG_CONFIG_value=
ac_cv_env_build_alias_set=
ac_cv_env_build_alias_value=
ac_cv_env_host_alias_set=
ac_cv_env_host_alias_value=
ac_cv_env_target_alias_set=set
ac_cv_env_target_alias_value=iphone
ac_cv_host=i386-apple-darwin10.8.0
ac_cv_objc_compiler_gnu=yes
ac_cv_objext=o
ac_cv_path_install='/usr/bin/install -c'
ac_cv_prog_AWK=awk
ac_cv_prog_CPP='gcc -E'
ac_cv_prog_ac_ct_CC=gcc
ac_cv_prog_ac_ct_OBJC=gcc
ac_cv_prog_cc_c89=
ac_cv_prog_cc_g=yes
ac_cv_prog_make_make_set=yes
ac_cv_prog_objc_g=yes
am_cv_CC_dependencies_compiler_type=none
am_cv_OBJC_dependencies_compiler_type=none

## ----------------- ##
## Output variables. ##
## ----------------- ##

ACLOCAL='${SHELL} /Users/paulmakl/btstack/config/missing --run aclocal-1.10'
AMDEPBACKSLASH='\'
AMDEP_FALSE='#'
AMDEP_TRUE=''
AMTAR='${SHELL} /Users/paulmakl/btstack/config/missing --run tar'
AUTOCONF='${SHELL} /Users/paulmakl/btstack/config/missing --run autoconf'
AUTOHEADER='${SHELL} /Users/paulmakl/btstack/config/missing --run autoheader'
AUTOMAKE='${SHELL} /Users/paulmakl/btstack/config/missing --run automake-1.10'
AWK='awk'
BTSTACK_LIB_EXTENSION='dylib'
BTSTACK_LIB_LDFLAGS='-dynamiclib -install_name $(prefix)/lib/libBTstack.dylib'
CC='/Developer/Platforms/iPhoneOS.platform/Developer/usr/bin/arm-apple-darwin10-gcc-4.2.1'
CCDEPMODE='depmode=none'
CFLAGS='-g -O2 -g'
CPP='gcc -E'
CPPFLAGS=' -isysroot /Developer/Platforms/iPhoneOS.platform/Developer/SDKs/iPhoneOS4.3.sdk -Werror -Wall -Wpointer-arith'
CYGPATH_W='echo'
DEFS='-DPACKAGE_NAME=\"BTstack\" -DPACKAGE_TARNAME=\"btstack\" -DPACKAGE_VERSION=\"0.1\" -DPACKAGE_STRING=\"BTstack\ 0.1\" -DPACKAGE_BUGREPORT=\"\" -DPACKAGE=\"BTstack\" -DVERSION=\"0.1\"'
DEPDIR='.deps'
ECHO_C='ECHO_N=''
ECHO_T=''
EXEEXT=''
HAVE_LIBUSB=''
HAVE_LIBUSB_FALSE=''
HAVE_LIBUSB_TRUE='#'
INSTALL_DATA='${INSTALL} -m 644'
INSTALL_PROGRAM='${INSTALL}'
INSTALL_SCRIPT='${INSTALL}'
INSTALL_STRIP_PROGRAM='$(install_sh) -c -s'
IPHONE_IP=''
LDFLAGS=' -framework CoreFoundation -framework Foundation -framework Foundation -framework CoreFoundation -framework UIKit -lobjc -L/Developer/Platforms/iPhoneOS.platform/Developer/SDKs/iPhoneOS4.3.sdk/System/Library/Frameworks/IOKit.framework/Versions/A -lIOKit /Developer/Platforms/iPhoneOS.platform/Developer/SDKs/iPhoneOS4.3.sdk/System/Library/PrivateFrameworks/BluetoothManager.framework/BluetoothManager'
LIBOBJS=''
LIBS=''
LIBUSB_CFLAGS=''
LIBUSB_LIBS=''
LN_S='ln -s'
LTLIBOBJS=''
MAKEINFO='${SHELL} /Users/paulmakl/btstack/config/missing --run makeinfo'
OBJC='/Developer/Platforms/iPhoneOS.platform/Developer/usr/bin/arm-apple-darwin10-g++-4.2.1'
OBJCDEPMODE='depmode=none'
OBJCFLAGS='-g -O2'
OBJEXT='o'
PACKAGE='BTstack'
PACKAGE_BUGREPORT=''
PACKAGE_NAME='BTstack'
PACKAGE_STRING='BTstack 0.1'
PACKAGE_TARNAME='btstack'
PACKAGE_VERSION='0.1'
PATH_SEPARATOR=':'
PKG_CONFIG=''
PLATFORM_SOURCES='bt_control_iphone.m platform_iphone.m'
REMOTE_DEVICE_DB_SOURCES='remote_device_db_iphone.m'
RUN_LOOP_SOURCES='run_loop_posix.c run_loop_cocoa.m'
SET_MAKE=''
SHELL='/bin/sh'
SPRINGBOARD_ACCESS_SOURCES='../SpringBoardAccess/SpringBoardAccess.c'
STRIP=''
USB_SOURCES=''
USE_BLUETOOL_FALSE='#'
USE_BLUETOOL_TRUE=''
USE_LDID='#'
USE_POWERMANAGEMENT_FALSE='#'
USE_POWERMANAGEMENT_TRUE=''
USE_PREFSBUNDLE_FALSE=''
USE_PREFSBUNDLE_TRUE='#'
USE_SPRINGBOARD_FALSE='#'
USE_SPRINGBOARD_TRUE=''
VERSION='0.1'
ac_ct_CC='gcc'
ac_ct_OBJC='gcc'
am__fastdepCC_FALSE=''
am__fastdepCC_TRUE='#'
am__fastdepOBJC_FALSE=''
am__fastdepOBJC_TRUE='#'
am__include='include'
am__isrc=''
am__leading_dot='.'
am__quote=''
am__tar='${AMTAR} chof - "$$tardir"'
am__untar='${AMTAR} xf -'
bindir='${exec_prefix}/bin'
build='i386-apple-darwin10.8.0'
build_alias=''
build_cpu='i386'
build_os='darwin10.8.0'
build_vendor='apple'
datadir='${datarootdir}'
datarootdir='${prefix}/share'
docdir='${datarootdir}/doc/${PACKAGE_TARNAME}'
dvidir='${docdir}'
exec_prefix='${prefix}'
host='i386-apple-darwin10.8.0'
host_alias=''
host_cpu='i386'
host_os='darwin10.8.0'
host_vendor='apple'
htmldir='${docdir}'
includedir='${prefix}/include'
infodir='${datarootdir}/info'
install_sh='$(SHELL) /Users/paulmakl/btstack/config/install-sh'
libdir='${exec_prefix}/lib'
libexecdir='${exec_prefix}/libexec'
localedir='${datarootdir}/locale'
localstatedir='${prefix}/var'
mandir='${datarootdir}/man'
mkdir_p='$(top_builddir)/config/install-sh -c -d'
oldincludedir='/usr/include'
pdfdir='${docdir}'
prefix='/usr/local'
program_transform_name='s,x,x,'
psdir='${docdir}'
sbindir='${exec_prefix}/sbin'
sharedstatedir='${prefix}/com'
sysconfdir='${prefix}/etc'
target_alias='iphone'

## ----------- ##
## confdefs.h. ##
## ----------- ##

#define PACKAGE_NAME "BTstack"
#define PACKAGE_TARNAME "btstack"
#define PACKAGE_VERSION "0.1"
#define PACKAGE_STRING "BTstack 0.1"
#define PACKAGE_BUGREPORT ""
#define PACKAGE "BTstack"
#define VERSION "0.1"

configure: exit 0
