<<<<<<< HEAD
\BOOKMARK [1][-]{section.1}{The Product}{}
\BOOKMARK [1][-]{section.2}{Requirements Analysis}{}
\BOOKMARK [2][-]{subsection.2.1}{Functional Requirements}{section.2}
\BOOKMARK [3][-]{subsubsection.2.1.1}{Playing a Game - 1.0}{subsection.2.1}
\BOOKMARK [2][-]{subsection.2.2}{Usability Requirements}{section.2}
\BOOKMARK [2][-]{subsection.2.3}{Reliability Requirements}{section.2}
\BOOKMARK [2][-]{subsection.2.4}{Performance Requirements}{section.2}
\BOOKMARK [2][-]{subsection.2.5}{Supportability Requirements}{section.2}
\BOOKMARK [1][-]{section.3}{Domain Analysis}{}
\BOOKMARK [1][-]{section.4}{Coding Style Guide}{}
\BOOKMARK [2][-]{subsection.4.1}{Working with Java}{section.4}
\BOOKMARK [3][-]{subsubsection.4.1.1}{Style Rules}{subsection.4.1}
\BOOKMARK [3][-]{subsubsection.4.1.2}{Coding Rules}{subsection.4.1}
\BOOKMARK [2][-]{subsection.4.2}{Working with JavaScript}{section.4}
\BOOKMARK [3][-]{subsubsection.4.2.1}{Style Rules}{subsection.4.2}
\BOOKMARK [3][-]{subsubsection.4.2.2}{Coding Rules}{subsection.4.2}
\BOOKMARK [2][-]{subsection.4.3}{Working with HTML5}{section.4}
\BOOKMARK [2][-]{subsection.4.4}{Working with CSS}{section.4}
\BOOKMARK [2][-]{subsection.4.5}{Setting up the Development Environment}{section.4}
\BOOKMARK [3][-]{subsubsection.4.5.1}{Android SDK}{subsection.4.5}
\BOOKMARK [3][-]{subsubsection.4.5.2}{PhoneGap}{subsection.4.5}
\BOOKMARK [3][-]{subsubsection.4.5.3}{Editing Environment}{subsection.4.5}
\BOOKMARK [2][-]{subsection.4.6}{Retrieving the Source}{section.4}
\BOOKMARK [1][-]{section.5}{Implementation Details}{}
\BOOKMARK [2][-]{subsection.5.1}{Basic Design}{section.5}
\BOOKMARK [2][-]{subsection.5.2}{Testing}{section.5}
\BOOKMARK [1][-]{section.6}{Planning and Reflection}{}
\BOOKMARK [2][-]{subsection.6.1}{Past Goals}{section.6}
\BOOKMARK [2][-]{subsection.6.2}{Future Goals and Deadlines}{section.6}
=======
\BOOKMARK [1][-]{section.1}{The Product}{}% 1
\BOOKMARK [1][-]{section.2}{Requirements Analysis}{}% 2
\BOOKMARK [2][-]{subsection.2.1}{Functional Requirements}{section.2}% 3
\BOOKMARK [3][-]{subsubsection.2.1.1}{Playing a Game - v1.0}{subsection.2.1}% 4
\BOOKMARK [2][-]{subsection.2.2}{Usability Requirements}{section.2}% 5
\BOOKMARK [2][-]{subsection.2.3}{Reliability Requirements}{section.2}% 6
\BOOKMARK [2][-]{subsection.2.4}{Performance Requirements}{section.2}% 7
\BOOKMARK [2][-]{subsection.2.5}{Supportability Requirements}{section.2}% 8
\BOOKMARK [1][-]{section.3}{Domain Analysis}{}% 9
\BOOKMARK [1][-]{section.4}{Coding Style Guide}{}% 10
\BOOKMARK [2][-]{subsection.4.1}{Working with Java}{section.4}% 11
\BOOKMARK [3][-]{subsubsection.4.1.1}{Style Rules}{subsection.4.1}% 12
\BOOKMARK [3][-]{subsubsection.4.1.2}{Coding Rules}{subsection.4.1}% 13
\BOOKMARK [2][-]{subsection.4.2}{Working with JavaScript}{section.4}% 14
\BOOKMARK [3][-]{subsubsection.4.2.1}{Style Rules}{subsection.4.2}% 15
\BOOKMARK [3][-]{subsubsection.4.2.2}{Coding Rules}{subsection.4.2}% 16
\BOOKMARK [2][-]{subsection.4.3}{Working with HTML5}{section.4}% 17
\BOOKMARK [2][-]{subsection.4.4}{Working with CSS}{section.4}% 18
\BOOKMARK [2][-]{subsection.4.5}{Setting up the Development Environment}{section.4}% 19
\BOOKMARK [3][-]{subsubsection.4.5.1}{Android SDK}{subsection.4.5}% 20
\BOOKMARK [3][-]{subsubsection.4.5.2}{PhoneGap}{subsection.4.5}% 21
\BOOKMARK [3][-]{subsubsection.4.5.3}{Editing Environment}{subsection.4.5}% 22
\BOOKMARK [2][-]{subsection.4.6}{Retrieving the Source}{section.4}% 23
\BOOKMARK [1][-]{section.5}{Implementation Details}{}% 24
\BOOKMARK [2][-]{subsection.5.1}{Basic Design}{section.5}% 25
\BOOKMARK [2][-]{subsection.5.2}{Testing}{section.5}% 26
\BOOKMARK [1][-]{section.6}{Planning and Reflection}{}% 27
\BOOKMARK [2][-]{subsection.6.1}{Past Goals}{section.6}% 28
\BOOKMARK [2][-]{subsection.6.2}{Future Goals and Deadlines}{section.6}% 29
>>>>>>> upstream/master
