\BOOKMARK [1][-]{section.1}{The Final Product}{}% 1
\BOOKMARK [1][-]{section.2}{Requirements Analysis}{}% 2
\BOOKMARK [2][-]{subsection.2.1}{Functional Requirements}{section.2}% 3
\BOOKMARK [3][-]{subsubsection.2.1.1}{Playing a Game - v1.0}{subsection.2.1}% 4
\BOOKMARK [2][-]{subsection.2.2}{Nonfunctional Requirements}{section.2}% 5
\BOOKMARK [1][-]{section.3}{Diagrammatic Depictions of the Product}{}% 6
\BOOKMARK [2][-]{subsection.3.1}{Interaction Diagram}{section.3}% 7
\BOOKMARK [1][-]{section.4}{Implementation}{}% 8
\BOOKMARK [1][-]{section.5}{Coding Style Guide}{}% 9
\BOOKMARK [2][-]{subsection.5.1}{Working with Java}{section.5}% 10
\BOOKMARK [3][-]{subsubsection.5.1.1}{Style Rules}{subsection.5.1}% 11
\BOOKMARK [3][-]{subsubsection.5.1.2}{Coding Rules}{subsection.5.1}% 12
\BOOKMARK [2][-]{subsection.5.2}{Working with JavaScript}{section.5}% 13
\BOOKMARK [3][-]{subsubsection.5.2.1}{Style Rules}{subsection.5.2}% 14
\BOOKMARK [3][-]{subsubsection.5.2.2}{Coding Rules}{subsection.5.2}% 15
\BOOKMARK [2][-]{subsection.5.3}{Working with HTML5}{section.5}% 16
\BOOKMARK [2][-]{subsection.5.4}{Style Guide Removal}{section.5}% 17
\BOOKMARK [1][-]{section.6}{Developer Documentation}{}% 18
\BOOKMARK [2][-]{subsection.6.1}{Setting up the Development Environment}{section.6}% 19
\BOOKMARK [3][-]{subsubsection.6.1.1}{Android SDK}{subsection.6.1}% 20
\BOOKMARK [3][-]{subsubsection.6.1.2}{PhoneGap}{subsection.6.1}% 21
\BOOKMARK [3][-]{subsubsection.6.1.3}{Editing Environment}{subsection.6.1}% 22
\BOOKMARK [2][-]{subsection.6.2}{Retrieving the Source}{section.6}% 23
\BOOKMARK [1][-]{section.7}{Class Diagram}{}% 24
\BOOKMARK [1][-]{section.8}{Database}{}% 25
\BOOKMARK [1][-]{section.9}{Reflections}{}% 26
